<?xml version="1.0" encoding="UTF-8"?>
<!-- Generated by org.testng.reporters.JUnitReportReporter -->
<testsuite hostname="DESKTOP-D49TIIB" failures="0" tests="1" name="QA_Test" time="63.376" errors="0" timestamp="2022-03-02T16:27:24 IST" skipped="0">
  <testcase classname="QA_Test" name="Test" time="63.376"/>
  <system-out/>
</testsuite> <!-- QA_Test -->
